c:\users\szabi\source\repos\mf_engine\mf_engine\release\vc141.pdb
c:\users\szabi\source\repos\mf_engine\mf_engine\release\window.obj
c:\users\szabi\source\repos\mf_engine\mf_engine\release\ui_window.obj
c:\users\szabi\source\repos\mf_engine\mf_engine\release\uielement.obj
c:\users\szabi\source\repos\mf_engine\mf_engine\release\scene_manager.obj
c:\users\szabi\source\repos\mf_engine\mf_engine\release\scene.obj
c:\users\szabi\source\repos\mf_engine\mf_engine\release\resource_manager.obj
c:\users\szabi\source\repos\mf_engine\mf_engine\release\player.obj
c:\users\szabi\source\repos\mf_engine\mf_engine\release\multistorage.obj
c:\users\szabi\source\repos\mf_engine\mf_engine\release\main_menu.obj
c:\users\szabi\source\repos\mf_engine\mf_engine\release\main.obj
c:\users\szabi\source\repos\mf_engine\mf_engine\release\level_1.obj
c:\users\szabi\source\repos\mf_engine\mf_engine\release\fps.obj
c:\users\szabi\source\repos\mf_engine\mf_engine\release\deltatime.obj
c:\users\szabi\source\repos\mf_engine\mf_engine\release\ui_contextmenu.obj
c:\users\szabi\source\repos\mf_engine\mf_engine\release\ui_buttontexture.obj
c:\users\szabi\source\repos\mf_engine\release\mf_engine.exe
c:\users\szabi\source\repos\mf_engine\release\mf_engine.pdb
c:\users\szabi\source\repos\mf_engine\release\mf_engine.ipdb
c:\users\szabi\source\repos\mf_engine\release\mf_engine.iobj
c:\users\szabi\source\repos\mf_engine\mf_engine\release\mf_engine.tlog\cl.command.1.tlog
c:\users\szabi\source\repos\mf_engine\mf_engine\release\mf_engine.tlog\cl.read.1.tlog
c:\users\szabi\source\repos\mf_engine\mf_engine\release\mf_engine.tlog\cl.write.1.tlog
c:\users\szabi\source\repos\mf_engine\mf_engine\release\mf_engine.tlog\link.command.1.tlog
c:\users\szabi\source\repos\mf_engine\mf_engine\release\mf_engine.tlog\link.read.1.tlog
c:\users\szabi\source\repos\mf_engine\mf_engine\release\mf_engine.tlog\link.write.1.tlog
c:\users\szabi\source\repos\mf_engine\mf_engine\release\mf_engine.tlog\mf_engine.write.1u.tlog
