c:\users\szabi\source\repos\mf_engine\mf_engine\debug\vc141.pdb
c:\users\szabi\source\repos\mf_engine\mf_engine\debug\vc141.idb
c:\users\szabi\source\repos\mf_engine\mf_engine\debug\window.obj
c:\users\szabi\source\repos\mf_engine\mf_engine\debug\scene_manager.obj
c:\users\szabi\source\repos\mf_engine\mf_engine\debug\scene.obj
c:\users\szabi\source\repos\mf_engine\mf_engine\debug\resource_manager.obj
c:\users\szabi\source\repos\mf_engine\mf_engine\debug\player.obj
c:\users\szabi\source\repos\mf_engine\mf_engine\debug\main_menu.obj
c:\users\szabi\source\repos\mf_engine\mf_engine\debug\main.obj
c:\users\szabi\source\repos\mf_engine\mf_engine\debug\level_1.obj
c:\users\szabi\source\repos\mf_engine\mf_engine\debug\fps.obj
c:\users\szabi\source\repos\mf_engine\mf_engine\debug\deltatime.obj
c:\users\szabi\source\repos\mf_engine\mf_engine\debug\button.obj
c:\users\szabi\source\repos\mf_engine\debug\mf_engine.ilk
c:\users\szabi\source\repos\mf_engine\debug\mf_engine.exe
c:\users\szabi\source\repos\mf_engine\debug\mf_engine.pdb
c:\users\szabi\source\repos\mf_engine\mf_engine\debug\mf_engine.tlog\cl.command.1.tlog
c:\users\szabi\source\repos\mf_engine\mf_engine\debug\mf_engine.tlog\cl.read.1.tlog
c:\users\szabi\source\repos\mf_engine\mf_engine\debug\mf_engine.tlog\cl.write.1.tlog
c:\users\szabi\source\repos\mf_engine\mf_engine\debug\mf_engine.tlog\link.command.1.tlog
c:\users\szabi\source\repos\mf_engine\mf_engine\debug\mf_engine.tlog\link.read.1.tlog
c:\users\szabi\source\repos\mf_engine\mf_engine\debug\mf_engine.tlog\link.write.1.tlog
